<?xml version="1.0" encoding="utf-8"?><testsuites name="pytest tests"><testsuite name="pytest" errors="0" failures="0" skipped="0" tests="14" time="1.680" timestamp="2026-06-02T12:46:49.780641+00:00" hostname="agent-env-50c88cc6-9ae3-415b-a6f9-a468a44d815d"><testcase classname="backend.tests.test_spots_api" name="test_health" time="0.313" /><testcase classname="backend.tests.test_spots_api" name="test_list_spots_returns_14" time="0.058" /><testcase classname="backend.tests.test_spots_api" name="test_list_spots_filter_praia" time="0.055" /><testcase classname="backend.tests.test_spots_api" name="test_list_spots_featured_true" time="0.058" /><testcase classname="backend.tests.test_spots_api" name="test_list_spots_category_todos_returns_all" time="0.054" /><testcase classname="backend.tests.test_spots_api" name="test_get_single_spot" time="0.118" /><testcase classname="backend.tests.test_spots_api" name="test_get_spot_not_found" time="0.054" /><testcase classname="backend.tests.test_spots_api" name="test_categories_include_todos" time="0.052" /><testcase classname="backend.tests.test_spots_api" name="test_create_then_get_persists" time="0.159" /><testcase classname="backend.tests.test_spots_api" name="test_update_spot" time="0.222" /><testcase classname="backend.tests.test_spots_api" name="test_update_not_found" time="0.055" /><testcase classname="backend.tests.test_spots_api" name="test_delete_spot" time="0.158" /><testcase classname="backend.tests.test_spots_api" name="test_delete_not_found" time="0.052" /><testcase classname="backend.tests.test_spots_api" name="test_seed_endpoint_idempotent" time="0.132" /></testsuite></testsuites>