<?xml version="1.0" encoding="utf-8"?><testsuites name="pytest tests"><testsuite name="pytest" errors="0" failures="0" skipped="0" tests="28" time="10.444" timestamp="2026-06-03T03:56:47.414318+00:00" hostname="agent-env-50c88cc6-9ae3-415b-a6f9-a468a44d815d"><testcase classname="tests.test_iteration2" name="test_spots_still_14" time="0.601" /><testcase classname="tests.test_iteration2" name="test_categories_include_todos" time="0.049" /><testcase classname="tests.test_iteration2" name="test_admin_login_bad_password" time="0.270" /><testcase classname="tests.test_iteration2" name="test_admin_login_unknown_user" time="0.051" /><testcase classname="tests.test_iteration2" name="test_admin_me_requires_token" time="0.134" /><testcase classname="tests.test_iteration2" name="test_admin_me_with_valid_token" time="0.049" /><testcase classname="tests.test_iteration2" name="test_spots_write_requires_admin" time="0.047" /><testcase classname="tests.test_iteration2" name="test_spots_admin_crud_roundtrip" time="0.201" /><testcase classname="tests.test_iteration2" name="test_site_config_public_read" time="0.051" /><testcase classname="tests.test_iteration2" name="test_site_config_admin_update" time="0.150" /><testcase classname="tests.test_iteration2" name="test_site_config_update_requires_admin" time="0.046" /><testcase classname="tests.test_iteration2" name="test_list_partners_returns_6" time="0.054" /><testcase classname="tests.test_iteration2" name="test_list_partners_filter_hospedagem" time="0.049" /><testcase classname="tests.test_iteration2" name="test_get_partner_by_id" time="0.098" /><testcase classname="tests.test_iteration2" name="test_get_partner_not_found" time="0.048" /><testcase classname="tests.test_iteration2" name="test_seal_verify_invalid" time="0.048" /><testcase classname="tests.test_iteration2" name="test_seal_verify_valid" time="0.099" /><testcase classname="tests.test_iteration2" name="test_create_inquiry_success" time="0.154" /><testcase classname="tests.test_iteration2" name="test_create_inquiry_invalid_partner" time="0.046" /><testcase classname="tests.test_iteration2" name="test_admin_inquiries_requires_admin" time="0.049" /><testcase classname="tests.test_iteration2" name="test_auth_session_invalid_token" time="0.189" /><testcase classname="tests.test_iteration2" name="test_auth_me_no_header" time="0.148" /><testcase classname="tests.test_iteration2" name="test_favorites_requires_auth" time="0.145" /><testcase classname="tests.test_iteration2" name="test_translate_pt_returns_original" time="0.103" /><testcase classname="tests.test_iteration2" name="test_translate_invalid_lang" time="0.105" /><testcase classname="tests.test_iteration2" name="test_translate_not_found" time="0.050" /><testcase classname="tests.test_iteration2" name="test_translate_pt_to_en_with_llm" time="4.067" /><testcase classname="tests.test_iteration2" name="test_translate_pt_to_es_and_cache" time="3.273" /></testsuite></testsuites>