<?xml version="1.0" encoding="utf-8"?><testsuites name="pytest tests"><testsuite name="pytest" errors="0" failures="3" skipped="0" tests="22" time="14.499" timestamp="2026-06-04T16:42:58.150639+00:00" hostname="agent-env-50c88cc6-9ae3-415b-a6f9-a468a44d815d"><testcase classname="backend.tests.test_iteration4" name="test_list_guides_returns_4" time="0.659" /><testcase classname="backend.tests.test_iteration4" name="test_list_guides_filter_specialty_praia" time="0.049" /><testcase classname="backend.tests.test_iteration4" name="test_list_guides_filter_focus_libras" time="0.049" /><testcase classname="backend.tests.test_iteration4" name="test_guides_categories" time="0.047" /><testcase classname="backend.tests.test_iteration4" name="test_get_guide_by_id" time="0.096" /><testcase classname="backend.tests.test_iteration4" name="test_get_guide_not_found" time="0.044" /><testcase classname="backend.tests.test_iteration4" name="test_translate_guide_pt_returns_original" time="0.102" /><testcase classname="backend.tests.test_iteration4" name="test_translate_guide_en_via_llm" time="8.564" /><testcase classname="backend.tests.test_iteration4" name="test_translate_guide_es" time="3.416" /><testcase classname="backend.tests.test_iteration4" name="test_translate_guide_invalid_lang" time="0.103" /><testcase classname="backend.tests.test_iteration4" name="test_create_guide_requires_admin" time="0.047" /><testcase classname="backend.tests.test_iteration4" name="test_admin_create_update_delete_guide" time="0.279" /><testcase classname="backend.tests.test_iteration4" name="test_delete_unknown_guide" time="0.051" /><testcase classname="backend.tests.test_iteration4" name="test_inquiry_with_guide_id_succeeds" time="0.103"><failure message="AssertionError: {&quot;detail&quot;:&quot;Partner not found&quot;}&#10;assert 404 == 200&#10; +  where 404 = &lt;Response [404]&gt;.status_code">backend/tests/test_iteration4.py:226: in test_inquiry_with_guide_id_succeeds
    assert r.status_code == 200, r.text
E   AssertionError: {"detail":"Partner not found"}
E   assert 404 == 200
E    +  where 404 = &lt;Response [404]&gt;.status_code</failure></testcase><testcase classname="backend.tests.test_iteration4" name="test_inquiry_with_invalid_guide_id" time="0.047" /><testcase classname="backend.tests.test_iteration4" name="test_inquiry_without_partner_or_guide" time="0.048"><failure message="assert 404 == 400&#10; +  where 404 = &lt;Response [404]&gt;.status_code">backend/tests/test_iteration4.py:257: in test_inquiry_without_partner_or_guide
    assert r.status_code == 400
E   assert 404 == 400
E    +  where 404 = &lt;Response [404]&gt;.status_code</failure></testcase><testcase classname="backend.tests.test_iteration4" name="test_inquiry_with_partner_id_still_works" time="0.127" /><testcase classname="backend.tests.test_iteration4" name="test_admin_inquiries_includes_both_types" time="0.048"><failure message="AssertionError: Expected at least one guide_id inquiry&#10;assert False">backend/tests/test_iteration4.py:282: in test_admin_inquiries_includes_both_types
    assert has_guide, "Expected at least one guide_id inquiry"
E   AssertionError: Expected at least one guide_id inquiry
E   assert False</failure></testcase><testcase classname="backend.tests.test_iteration4" name="test_site_config_has_new_fields" time="0.047" /><testcase classname="backend.tests.test_iteration4" name="test_site_config_seal_url_is_new" time="0.047" /><testcase classname="backend.tests.test_iteration4" name="test_site_config_admin_update_about_pt" time="0.191" /><testcase classname="backend.tests.test_iteration4" name="test_site_config_admin_update_boolean" time="0.136" /></testsuite></testsuites>