<?xml version="1.0" encoding="utf-8"?><testsuites name="pytest tests"><testsuite name="pytest" errors="0" failures="0" skipped="0" tests="7" time="1.315" timestamp="2026-06-04T17:15:25.423477+00:00" hostname="agent-env-50c88cc6-9ae3-415b-a6f9-a468a44d815d"><testcase classname="backend.tests.test_iteration5" name="test_create_partner_requires_admin" time="0.255" /><testcase classname="backend.tests.test_iteration5" name="test_partner_full_crud" time="0.520" /><testcase classname="backend.tests.test_iteration5" name="test_delete_unknown_partner" time="0.052" /><testcase classname="backend.tests.test_iteration5" name="test_list_partners_regression" time="0.055" /><testcase classname="backend.tests.test_iteration5" name="test_site_config_has_all_new_fields" time="0.054" /><testcase classname="backend.tests.test_iteration5" name="test_site_config_update_new_fields_persist" time="0.248" /><testcase classname="backend.tests.test_iteration5" name="test_site_config_update_requires_admin" time="0.047" /></testsuite></testsuites>